[03-Aug-2025 00:39:32 Europe/Berlin] ctrIngresoUsuario se invocó. POST=Array
(
    [email] => pacoypela2017@hotmail.com
    [contrasena] => 123
)

[03-Aug-2025 00:39:32 Europe/Berlin] Email buscado: pacoypela2017@hotmail.com
[03-Aug-2025 00:39:32 Europe/Berlin] Resultado SQL: 
[03-Aug-2025 00:39:32 Europe/Berlin] Intentando login con: pacoypela2017@hotmail.com
[03-Aug-2025 00:39:32 Europe/Berlin] LOGIN FALLÓ
[03-Aug-2025 00:39:49 Europe/Berlin] ctrIngresoUsuario se invocó. POST=Array
(
    [email] => pacoypela2017@hotmail.com
    [contrasena] => 123
)

[03-Aug-2025 00:39:49 Europe/Berlin] Email buscado: pacoypela2017@hotmail.com
[03-Aug-2025 00:39:49 Europe/Berlin] Resultado SQL: Array
(
    [id] => 35
    [nombre] => Gino
    [email] => pacoypela2017@hotmail.com
    [contrasena] => $2y$10$0J03Hkb0iZgEXz4RnlG53O3f7ea5ToKfsT05OEkxqU0bLrztJdXR6
    [genero] => Masculino
    [fecha] => 02/08/2025
)

[03-Aug-2025 00:39:49 Europe/Berlin] Intentando login con: pacoypela2017@hotmail.com
[03-Aug-2025 00:39:49 Europe/Berlin] LOGIN OK, redirigiendo
[03-Aug-2025 00:40:07 Europe/Berlin] [2025-08-03 00:40:07] Warning [2]: include(paginas/editarUsuario.php): Failed to open stream: No such file or directory in C:\xampp\htdocs\curso\php\app\vistas\plantilla.php on line 28

[03-Aug-2025 00:40:07 Europe/Berlin] [2025-08-03 00:40:07] Warning [2]: include(): Failed opening 'paginas/editarUsuario.php' for inclusion (include_path='C:\xampp\php\PEAR') in C:\xampp\htdocs\curso\php\app\vistas\plantilla.php on line 28

[03-Aug-2025 00:40:14 Europe/Berlin] [2025-08-03 00:40:14] Warning [2]: include(paginas/editarUsuario.php): Failed to open stream: No such file or directory in C:\xampp\htdocs\curso\php\app\vistas\plantilla.php on line 28

[03-Aug-2025 00:40:14 Europe/Berlin] [2025-08-03 00:40:14] Warning [2]: include(): Failed opening 'paginas/editarUsuario.php' for inclusion (include_path='C:\xampp\php\PEAR') in C:\xampp\htdocs\curso\php\app\vistas\plantilla.php on line 28

[03-Aug-2025 00:47:31 Europe/Berlin] ctrIngresoUsuario se invocó. POST=Array
(
    [email] => pacoypela2017@hotmail.com
    [contrasena] => 123
)

[03-Aug-2025 00:47:31 Europe/Berlin] Email buscado: pacoypela2017@hotmail.com
[03-Aug-2025 00:47:31 Europe/Berlin] Resultado SQL: Array
(
    [id] => 35
    [nombre] => Gino
    [email] => pacoypela2017@hotmail.com
    [contrasena] => $2y$10$0J03Hkb0iZgEXz4RnlG53O3f7ea5ToKfsT05OEkxqU0bLrztJdXR6
    [genero] => Masculino
    [fecha] => 02/08/2025
)

[03-Aug-2025 00:47:31 Europe/Berlin] Intentando login con: pacoypela2017@hotmail.com
[03-Aug-2025 00:47:31 Europe/Berlin] LOGIN OK, redirigiendo
[03-Aug-2025 00:50:21 Europe/Berlin] ctrIngresoUsuario se invocó. POST=Array
(
    [email] => pacoypela2017@hotmail.com
    [contrasena] => 123
)

[03-Aug-2025 00:50:21 Europe/Berlin] Email buscado: pacoypela2017@hotmail.com
[03-Aug-2025 00:50:21 Europe/Berlin] Resultado SQL: Array
(
    [id] => 35
    [nombre] => Gino
    [email] => pacoypela2017@hotmail.com
    [contrasena] => $2y$10$0J03Hkb0iZgEXz4RnlG53O3f7ea5ToKfsT05OEkxqU0bLrztJdXR6
    [genero] => Masculino
    [fecha] => 02/08/2025
)

[03-Aug-2025 00:50:21 Europe/Berlin] Intentando login con: pacoypela2017@hotmail.com
[03-Aug-2025 00:50:21 Europe/Berlin] LOGIN OK, redirigiendo
[03-Aug-2025 01:15:10 Europe/Berlin] ctrIngresoUsuario se invocó. POST=Array
(
    [email] => pacoypela2017@hotmail.com
    [contrasena] => 123
)

[03-Aug-2025 01:15:10 Europe/Berlin] Email buscado: pacoypela2017@hotmail.com
[03-Aug-2025 01:15:10 Europe/Berlin] Resultado SQL: Array
(
    [id] => 35
    [nombre] => Gino
    [email] => pacoypela2017@hotmail.com
    [contrasena] => $2y$10$0J03Hkb0iZgEXz4RnlG53O3f7ea5ToKfsT05OEkxqU0bLrztJdXR6
    [genero] => Masculino
    [fecha] => 02/08/2025
)

[03-Aug-2025 01:15:10 Europe/Berlin] Intentando login con: pacoypela2017@hotmail.com
[03-Aug-2025 01:15:10 Europe/Berlin] LOGIN OK, redirigiendo
[03-Aug-2025 01:17:55 Europe/Berlin] PHP Parse error:  syntax error, unexpected end of file in C:\xampp\htdocs\curso\php\app\vistas\paginas\inicio.php on line 225
[03-Aug-2025 01:26:05 Europe/Berlin] ctrIngresoUsuario se invocó. POST=Array
(
    [email] => pacoypela2017@hotmail.com
    [contrasena] => 123
)

[03-Aug-2025 01:26:05 Europe/Berlin] Email buscado: pacoypela2017@hotmail.com
[03-Aug-2025 01:26:05 Europe/Berlin] Resultado SQL: Array
(
    [id] => 35
    [nombre] => Gino
    [email] => pacoypela2017@hotmail.com
    [contrasena] => $2y$10$0J03Hkb0iZgEXz4RnlG53O3f7ea5ToKfsT05OEkxqU0bLrztJdXR6
    [genero] => Masculino
    [fecha] => 02/08/2025
)

[03-Aug-2025 01:26:05 Europe/Berlin] Intentando login con: pacoypela2017@hotmail.com
[03-Aug-2025 01:26:05 Europe/Berlin] LOGIN OK, redirigiendo
[03-Aug-2025 01:31:12 Europe/Berlin] [2025-08-03 01:31:12] Warning [2]: include(paginas/editarUsuario.php): Failed to open stream: No such file or directory in C:\xampp\htdocs\curso\php\app\vistas\plantilla.php on line 28

[03-Aug-2025 01:31:12 Europe/Berlin] [2025-08-03 01:31:12] Warning [2]: include(): Failed opening 'paginas/editarUsuario.php' for inclusion (include_path='C:\xampp\php\PEAR') in C:\xampp\htdocs\curso\php\app\vistas\plantilla.php on line 28

[03-Aug-2025 01:33:27 Europe/Berlin] [2025-08-03 01:33:27] Warning [2]: include(paginas/editarUsuario.php): Failed to open stream: No such file or directory in C:\xampp\htdocs\curso\php\app\vistas\plantilla.php on line 28

[03-Aug-2025 01:33:27 Europe/Berlin] [2025-08-03 01:33:27] Warning [2]: include(): Failed opening 'paginas/editarUsuario.php' for inclusion (include_path='C:\xampp\php\PEAR') in C:\xampp\htdocs\curso\php\app\vistas\plantilla.php on line 28

